Operating system: Microsoft Windows NT 6.2.9200.0
Opening INI file "C:\Users\Devon\Documents\Projects\sonic-cd-disassembly\_SonLVL\SonLVL.ini"...
Game type is SCD.
Loading Past...
Loading 256x256 chunks from file "../Level/Palmtree Panic/Data/Chunks (Act 1 Past).bin", using compression Uncompressed...
Loading 8x8 tiles from file "../Level/Palmtree Panic/Data/Tiles (Act 1 Past).nem", using compression Nemesis...
Loading 16x16 blocks from file "../Level/Palmtree Panic/Data/Blocks (Act 1 Past).nem", using compression Nemesis...
Loading FG layout from file "../Level/Palmtree Panic/Data/Foreground (Act 1 Past).bin", using compression Uncompressed...
Loading BG layout from file "../Level/Palmtree Panic/Data/Background (Act 1 Past).bin", using compression Uncompressed...
Loading palette file "../Level/_Objects/Sonic/Data/Palette.bin"...
Source: 0 Destination: 0 Length: 16
Loading palette file "../Level/Palmtree Panic/Data/Palette (Past).bin"...
Source: 0 Destination: 16 Length: 48
Loading palette file "../Level/_Objects/Sonic/Data/Palette.bin"...
Source: 0 Destination: 0 Length: 16
Loading palette file "../Level/_Objects/Level End/Data/Palette (Flower Capsule).bin"...
Source: 0 Destination: 16 Length: 16
Loading palette file "../Level/Palmtree Panic/Data/Palette (Past).bin"...
Source: 16 Destination: 32 Length: 32
Loading palette file "../Level/_Objects/Sonic/Data/Palette.bin"...
Source: 0 Destination: 0 Length: 16
Loading palette file "../Level/Palmtree Panic/Data/Palette (Past, Prototype).bin"...
Source: 0 Destination: 16 Length: 48
Loading object definition file "obj.ini".
Loading object definition file "objPPZ1B.ini".
Loading ObjectDefinition type SCDObjectDefinitions.Common.MovingSpring from "Common\MovingSpring.cs"...
Compiling code file...
Loading ObjectDefinition type SCDObjectDefinitions.Common.Ring from "Common\Ring.cs"...
Compiling code file...
Loading ObjectDefinition type SCDObjectDefinitions.Common.MetalSonicProjector from "Common\MetalSonicProjector.cs"...
Compiling code file...
Loading ObjectDefinition type SCDObjectDefinitions.PPZ.HiddenTunnel from "PPZ\HiddenTunnel.cs"...
Compiling code file...
Compile succeeded.
Compile succeeded.
Compile succeeded.
Compile succeeded.
System.AggregateException: One or more errors occurred. ---> System.IO.FileNotFoundException: Could not find file 'C:\Users\Devon\Documents\Projects\sonic-cd-disassembly\Level\Palmtree Panic\Objects\Collapsing Platform\Data\Mappings (Past, Ledge).asm'.
   at System.IO.__Error.WinIOError(Int32 errorCode, String maybeFullPath)
   at System.IO.FileStream.Init(String path, FileMode mode, FileAccess access, Int32 rights, Boolean useRights, FileShare share, Int32 bufferSize, FileOptions options, SECURITY_ATTRIBUTES secAttrs, String msgPath, Boolean bFromProxy, Boolean useLongPath, Boolean checkHost)
   at System.IO.FileStream..ctor(String path, FileMode mode, FileAccess access, FileShare share, Int32 bufferSize, FileOptions options, String msgPath, Boolean bFromProxy, Boolean useLongPath, Boolean checkHost)
   at System.IO.StreamReader..ctor(String path, Encoding encoding, Boolean detectEncodingFromByteOrderMarks, Int32 bufferSize, Boolean checkHost)
   at System.IO.StreamReader..ctor(String path, Encoding encoding)
   at System.IO.File.InternalReadAllLines(String path, Encoding encoding)
   at System.IO.File.ReadAllLines(String path)
   at SonicRetro.SonLVL.API.LevelData.GetASMLabels(String file, Int32 sti, EngineVersion version) in D:\Programs\SonLVL\SonLVLAPI\LevelData.cs:line 2026
   at SonicRetro.SonLVL.API.LevelData.ASMToBin(String file, Int32 sti, EngineVersion version, Dictionary`2& labels) in D:\Programs\SonLVL\SonLVLAPI\LevelData.cs:line 1813
   at SonicRetro.SonLVL.API.ObjectHelper.MapASMToBmp(Byte[] artfile, String mapfileloc, Int32 frame, Int32 startpal, Boolean priority, EngineVersion version) in D:\Programs\SonLVL\SonLVLAPI\ObjectHelper.cs:line 29
   at SonicRetro.SonLVL.API.XMLObjectDefinition.Init(ObjectData data) in D:\Programs\SonLVL\SonLVLAPI\ObjectDefinition.cs:line 710
   at SonicRetro.SonLVL.API.LevelData.<>c__DisplayClass102_0.<InitObjectDefinitions>b__0(KeyValuePair`2 group) in D:\Programs\SonLVL\SonLVLAPI\LevelData.cs:line 1578
   at System.Threading.Tasks.Parallel.<>c__DisplayClass42_0`2.<PartitionerForEachWorker>b__1()
   at System.Threading.Tasks.Task.InnerInvoke()
   at System.Threading.Tasks.Task.InnerInvokeWithArg(Task childTask)
   at System.Threading.Tasks.Task.<>c__DisplayClass176_0.<ExecuteSelfReplicating>b__0(Object <p0>)
   --- End of inner exception stack trace ---
   at System.Threading.Tasks.Task.ThrowIfExceptional(Boolean includeTaskCanceledExceptions)
   at System.Threading.Tasks.Task.Wait(Int32 millisecondsTimeout, CancellationToken cancellationToken)
   at System.Threading.Tasks.Task.Wait()
   at System.Threading.Tasks.Parallel.PartitionerForEachWorker[TSource,TLocal](Partitioner`1 source, ParallelOptions parallelOptions, Action`1 simpleBody, Action`2 bodyWithState, Action`3 bodyWithStateAndIndex, Func`4 bodyWithStateAndLocal, Func`5 bodyWithEverything, Func`1 localInit, Action`1 localFinally)
   at System.Threading.Tasks.Parallel.ForEachWorker[TSource,TLocal](IEnumerable`1 source, ParallelOptions parallelOptions, Action`1 body, Action`2 bodyWithState, Action`3 bodyWithStateAndIndex, Func`4 bodyWithStateAndLocal, Func`5 bodyWithEverything, Func`1 localInit, Action`1 localFinally)
   at System.Threading.Tasks.Parallel.ForEach[TSource](IEnumerable`1 source, Action`1 body)
   at SonicRetro.SonLVL.API.LevelData.InitObjectDefinitions() in D:\Programs\SonLVL\SonLVLAPI\LevelData.cs:line 1505
   at SonicRetro.SonLVL.API.LevelData.LoadLevel(String levelname, Boolean loadGraphics) in D:\Programs\SonLVL\SonLVLAPI\LevelData.cs:line 319
   at SonicRetro.SonLVL.GUI.MainForm.backgroundLevelLoader_DoWork(Object sender, DoWorkEventArgs e) in D:\Programs\SonLVL\SonLVL\MainForm.cs:line 574
---> (Inner Exception #0) System.IO.FileNotFoundException: Could not find file 'C:\Users\Devon\Documents\Projects\sonic-cd-disassembly\Level\Palmtree Panic\Objects\Collapsing Platform\Data\Mappings (Past, Ledge).asm'.
File name: 'C:\Users\Devon\Documents\Projects\sonic-cd-disassembly\Level\Palmtree Panic\Objects\Collapsing Platform\Data\Mappings (Past, Ledge).asm'
   at System.IO.__Error.WinIOError(Int32 errorCode, String maybeFullPath)
   at System.IO.FileStream.Init(String path, FileMode mode, FileAccess access, Int32 rights, Boolean useRights, FileShare share, Int32 bufferSize, FileOptions options, SECURITY_ATTRIBUTES secAttrs, String msgPath, Boolean bFromProxy, Boolean useLongPath, Boolean checkHost)
   at System.IO.FileStream..ctor(String path, FileMode mode, FileAccess access, FileShare share, Int32 bufferSize, FileOptions options, String msgPath, Boolean bFromProxy, Boolean useLongPath, Boolean checkHost)
   at System.IO.StreamReader..ctor(String path, Encoding encoding, Boolean detectEncodingFromByteOrderMarks, Int32 bufferSize, Boolean checkHost)
   at System.IO.StreamReader..ctor(String path, Encoding encoding)
   at System.IO.File.InternalReadAllLines(String path, Encoding encoding)
   at System.IO.File.ReadAllLines(String path)
   at SonicRetro.SonLVL.API.LevelData.GetASMLabels(String file, Int32 sti, EngineVersion version) in D:\Programs\SonLVL\SonLVLAPI\LevelData.cs:line 2026
   at SonicRetro.SonLVL.API.LevelData.ASMToBin(String file, Int32 sti, EngineVersion version, Dictionary`2& labels) in D:\Programs\SonLVL\SonLVLAPI\LevelData.cs:line 1813
   at SonicRetro.SonLVL.API.ObjectHelper.MapASMToBmp(Byte[] artfile, String mapfileloc, Int32 frame, Int32 startpal, Boolean priority, EngineVersion version) in D:\Programs\SonLVL\SonLVLAPI\ObjectHelper.cs:line 29
   at SonicRetro.SonLVL.API.XMLObjectDefinition.Init(ObjectData data) in D:\Programs\SonLVL\SonLVLAPI\ObjectDefinition.cs:line 710
   at SonicRetro.SonLVL.API.LevelData.<>c__DisplayClass102_0.<InitObjectDefinitions>b__0(KeyValuePair`2 group) in D:\Programs\SonLVL\SonLVLAPI\LevelData.cs:line 1578
   at System.Threading.Tasks.Parallel.<>c__DisplayClass42_0`2.<PartitionerForEachWorker>b__1()
   at System.Threading.Tasks.Task.InnerInvoke()
   at System.Threading.Tasks.Task.InnerInvokeWithArg(Task childTask)
   at System.Threading.Tasks.Task.<>c__DisplayClass176_0.<ExecuteSelfReplicating>b__0(Object <p0>)<---

